[2013-03-22 11:33:26] log.ERROR: exception 'Pheanstalk_Exception_ConnectionException' with message 'Socket error 61: Connection refused (connecting to localhost:11300)' in /Users/johannes/Dropbox/Code/htdocs/sub2home/dev/server/vendor/laravel/framework/src/Illuminate/Queue/Pheanstalk/Pheanstalk/Socket/NativeSocket.php:36
Stack trace:
#0 /Users/johannes/Dropbox/Code/htdocs/sub2home/dev/server/vendor/laravel/framework/src/Illuminate/Queue/Pheanstalk/Pheanstalk/Connection.php(170): Pheanstalk_Socket_NativeSocket->__construct('localhost', 11300, 2)
#1 /Users/johannes/Dropbox/Code/htdocs/sub2home/dev/server/vendor/laravel/framework/src/Illuminate/Queue/Pheanstalk/Pheanstalk/Connection.php(71): Pheanstalk_Connection->_getSocket()
#2 /Users/johannes/Dropbox/Code/htdocs/sub2home/dev/server/vendor/laravel/framework/src/Illuminate/Queue/Pheanstalk/Pheanstalk.php(518): Pheanstalk_Connection->dispatchCommand(Object(Pheanstalk_Command_PutCommand))
#3 /Users/johannes/Dropbox/Code/htdocs/sub2home/dev/server/vendor/laravel/framework/src/Illuminate/Queue/Pheanstalk/Pheanstalk.php(280): Pheanstalk->_dispatch(Object(Pheanstalk_Command_PutCommand))
#4 /Users/johannes/Dropbox/Code/htdocs/sub2home/dev/server/vendor/laravel/framework/src/Illuminate/Queue/BeanstalkdQueue.php(48): Pheanstalk->put('{"job":"App\\Co...')
#5 [internal function]: Illuminate\Queue\BeanstalkdQueue->push('App\Controllers...', Array)
#6 /Users/johannes/Dropbox/Code/htdocs/sub2home/dev/server/vendor/laravel/framework/src/Illuminate/Queue/QueueManager.php(128): call_user_func_array(Array, Array)
#7 /Users/johannes/Dropbox/Code/htdocs/sub2home/dev/server/bootstrap/compiled.php(4262): Illuminate\Queue\QueueManager->__call('push', Array)
#8 /Users/johannes/Dropbox/Code/htdocs/sub2home/dev/server/bootstrap/compiled.php(4262): Illuminate\Queue\QueueManager->push('App\Controllers...', Array)
#9 /Users/johannes/Dropbox/Code/htdocs/sub2home/dev/server/app/models/ClientModel.php(19): Illuminate\Support\Facades\Facade::__callStatic('push', Array)
#10 /Users/johannes/Dropbox/Code/htdocs/sub2home/dev/server/app/models/ClientModel.php(19): Illuminate\Support\Facades\Queue::push('App\Controllers...', Array)
#11 /Users/johannes/Dropbox/Code/htdocs/sub2home/dev/server/app/models/BaseModel.php(39): App\Models\ClientModel->afterFirstSave()
#12 /Users/johannes/Dropbox/Code/htdocs/sub2home/dev/server/app/database/seeds/ClientModelSeeder.php(40): App\Models\BaseModel->save()
#13 /Users/johannes/Dropbox/Code/htdocs/sub2home/dev/server/vendor/laravel/framework/src/Illuminate/Database/Seeder.php(30): ClientModelSeeder->run()
#14 /Users/johannes/Dropbox/Code/htdocs/sub2home/dev/server/app/database/seeds/DatabaseSeeder.php(20): Illuminate\Database\Seeder->call('ClientModelSeed...')
#15 /Users/johannes/Dropbox/Code/htdocs/sub2home/dev/server/vendor/laravel/framework/src/Illuminate/Database/Console/SeedCommand.php(53): DatabaseSeeder->run()
#16 /Users/johannes/Dropbox/Code/htdocs/sub2home/dev/server/vendor/laravel/framework/src/Illuminate/Console/Command.php(107): Illuminate\Database\Console\SeedCommand->fire()
#17 /Users/johannes/Dropbox/Code/htdocs/sub2home/dev/server/vendor/symfony/console/Symfony/Component/Console/Command/Command.php(240): Illuminate\Console\Command->execute(Object(Symfony\Component\Console\Input\ArrayInput), Object(Symfony\Component\Console\Output\ConsoleOutput))
#18 /Users/johannes/Dropbox/Code/htdocs/sub2home/dev/server/vendor/laravel/framework/src/Illuminate/Console/Command.php(95): Symfony\Component\Console\Command\Command->run(Object(Symfony\Component\Console\Input\ArrayInput), Object(Symfony\Component\Console\Output\ConsoleOutput))
#19 /Users/johannes/Dropbox/Code/htdocs/sub2home/dev/server/vendor/laravel/framework/src/Illuminate/Console/Command.php(123): Illuminate\Console\Command->run(Object(Symfony\Component\Console\Input\ArrayInput), Object(Symfony\Component\Console\Output\ConsoleOutput))
#20 /Users/johannes/Dropbox/Code/htdocs/sub2home/dev/server/vendor/laravel/framework/src/Illuminate/Database/Console/Migrations/RefreshCommand.php(40): Illuminate\Console\Command->call('db:seed', Array)
#21 /Users/johannes/Dropbox/Code/htdocs/sub2home/dev/server/vendor/laravel/framework/src/Illuminate/Console/Command.php(107): Illuminate\Database\Console\Migrations\RefreshCommand->fire()
#22 /Users/johannes/Dropbox/Code/htdocs/sub2home/dev/server/vendor/symfony/console/Symfony/Component/Console/Command/Command.php(240): Illuminate\Console\Command->execute(Object(Symfony\Component\Console\Input\ArgvInput), Object(Symfony\Component\Console\Output\ConsoleOutput))
#23 /Users/johannes/Dropbox/Code/htdocs/sub2home/dev/server/vendor/laravel/framework/src/Illuminate/Console/Command.php(95): Symfony\Component\Console\Command\Command->run(Object(Symfony\Component\Console\Input\ArgvInput), Object(Symfony\Component\Console\Output\ConsoleOutput))
#24 /Users/johannes/Dropbox/Code/htdocs/sub2home/dev/server/vendor/symfony/console/Symfony/Component/Console/Application.php(193): Illuminate\Console\Command->run(Object(Symfony\Component\Console\Input\ArgvInput), Object(Symfony\Component\Console\Output\ConsoleOutput))
#25 /Users/johannes/Dropbox/Code/htdocs/sub2home/dev/server/vendor/symfony/console/Symfony/Component/Console/Application.php(106): Symfony\Component\Console\Application->doRun(Object(Symfony\Component\Console\Input\ArgvInput), Object(Symfony\Component\Console\Output\ConsoleOutput))
#26 /Users/johannes/Dropbox/Code/htdocs/sub2home/dev/server/artisan(59): Symfony\Component\Console\Application->run()
#27 {main} [] []
[2013-03-22 11:34:03] log.ERROR: exception 'Exception' with message 'SQLSTATE[42S22]: Column not found: 1054 Unknown column 'totalTurnover' in 'field list' (SQL: update `store_models` set `updated_at` = ?, `totalTurnover` = ? where `id` = ?) (Bindings: array (
  0 => 
  DateTime::__set_state(array(
     'date' => '2013-03-22 11:34:03',
     'timezone_type' => 3,
     'timezone' => 'Europe/Berlin',
  )),
  1 => 14.47,
  2 => 1,
))' in /Users/johannes/Dropbox/Code/htdocs/sub2home/dev/server/vendor/laravel/framework/src/Illuminate/Database/Connection.php:483
Stack trace:
#0 /Users/johannes/Dropbox/Code/htdocs/sub2home/dev/server/vendor/laravel/framework/src/Illuminate/Database/Connection.php(456): Illuminate\Database\Connection->handleQueryException(Object(PDOException), 'update `store_m...', Array)
#1 /Users/johannes/Dropbox/Code/htdocs/sub2home/dev/server/vendor/laravel/framework/src/Illuminate/Database/Connection.php(333): Illuminate\Database\Connection->run('update `store_m...', Array, Object(Closure))
#2 /Users/johannes/Dropbox/Code/htdocs/sub2home/dev/server/vendor/laravel/framework/src/Illuminate/Database/Connection.php(278): Illuminate\Database\Connection->affectingStatement('update `store_m...', Array)
#3 /Users/johannes/Dropbox/Code/htdocs/sub2home/dev/server/vendor/laravel/framework/src/Illuminate/Database/Query/Builder.php(1098): Illuminate\Database\Connection->update('update `store_m...', Array)
#4 [internal function]: Illuminate\Database\Query\Builder->update(Array)
#5 /Users/johannes/Dropbox/Code/htdocs/sub2home/dev/server/vendor/laravel/framework/src/Illuminate/Database/Eloquent/Builder.php(450): call_user_func_array(Array, Array)
#6 /Users/johannes/Dropbox/Code/htdocs/sub2home/dev/server/bootstrap/compiled.php(8631): Illuminate\Database\Eloquent\Builder->__call('update', Array)
#7 /Users/johannes/Dropbox/Code/htdocs/sub2home/dev/server/bootstrap/compiled.php(8631): Illuminate\Database\Eloquent\Builder->update(Array)
#8 /Users/johannes/Dropbox/Code/htdocs/sub2home/dev/server/bootstrap/compiled.php(8604): Illuminate\Database\Eloquent\Model->performUpdate(Object(Illuminate\Database\Eloquent\Builder))
#9 /Users/johannes/Dropbox/Code/htdocs/sub2home/dev/server/app/models/BaseModel.php(36): Illuminate\Database\Eloquent\Model->save()
#10 /Users/johannes/Dropbox/Code/htdocs/sub2home/dev/server/app/controllers/jobs/ProcessNewOrderJob.php(57): App\Models\BaseModel->save()
#11 /Users/johannes/Dropbox/Code/htdocs/sub2home/dev/server/app/controllers/jobs/ProcessNewOrderJob.php(22): App\Controllers\Jobs\ProcessNewOrderJob->updateTotalTurnoverOfStore()
#12 /Users/johannes/Dropbox/Code/htdocs/sub2home/dev/server/app/controllers/jobs/BaseJob.php(17): App\Controllers\Jobs\ProcessNewOrderJob->run()
#13 /Users/johannes/Dropbox/Code/htdocs/sub2home/dev/server/vendor/laravel/framework/src/Illuminate/Queue/Jobs/BeanstalkdJob.php(61): App\Controllers\Jobs\BaseJob->fire(Object(Illuminate\Queue\Jobs\BeanstalkdJob), Array)
#14 /Users/johannes/Dropbox/Code/htdocs/sub2home/dev/server/vendor/laravel/framework/src/Illuminate/Queue/Worker.php(68): Illuminate\Queue\Jobs\BeanstalkdJob->fire()
#15 /Users/johannes/Dropbox/Code/htdocs/sub2home/dev/server/vendor/laravel/framework/src/Illuminate/Queue/Worker.php(46): Illuminate\Queue\Worker->process(Object(Illuminate\Queue\Jobs\BeanstalkdJob), '0')
#16 /Users/johannes/Dropbox/Code/htdocs/sub2home/dev/server/vendor/laravel/framework/src/Illuminate/Queue/Console/WorkCommand.php(62): Illuminate\Queue\Worker->pop(NULL, 'default', '0', '128', true)
#17 /Users/johannes/Dropbox/Code/htdocs/sub2home/dev/server/vendor/laravel/framework/src/Illuminate/Console/Command.php(107): Illuminate\Queue\Console\WorkCommand->fire()
#18 /Users/johannes/Dropbox/Code/htdocs/sub2home/dev/server/vendor/symfony/console/Symfony/Component/Console/Command/Command.php(240): Illuminate\Console\Command->execute(Object(Symfony\Component\Console\Input\ArgvInput), Object(Symfony\Component\Console\Output\ConsoleOutput))
#19 /Users/johannes/Dropbox/Code/htdocs/sub2home/dev/server/vendor/laravel/framework/src/Illuminate/Console/Command.php(95): Symfony\Component\Console\Command\Command->run(Object(Symfony\Component\Console\Input\ArgvInput), Object(Symfony\Component\Console\Output\ConsoleOutput))
#20 /Users/johannes/Dropbox/Code/htdocs/sub2home/dev/server/vendor/symfony/console/Symfony/Component/Console/Application.php(193): Illuminate\Console\Command->run(Object(Symfony\Component\Console\Input\ArgvInput), Object(Symfony\Component\Console\Output\ConsoleOutput))
#21 /Users/johannes/Dropbox/Code/htdocs/sub2home/dev/server/vendor/symfony/console/Symfony/Component/Console/Application.php(106): Symfony\Component\Console\Application->doRun(Object(Symfony\Component\Console\Input\ArgvInput), Object(Symfony\Component\Console\Output\ConsoleOutput))
#22 /Users/johannes/Dropbox/Code/htdocs/sub2home/dev/server/artisan(59): Symfony\Component\Console\Application->run()
#23 {main} [] []
[2013-03-22 11:34:06] log.ERROR: exception 'ErrorException' with message 'Notice: Trying to get property of non-object in /Users/johannes/Dropbox/Code/htdocs/sub2home/dev/server/app/controllers/jobs/mail/SendStoreOrderNotificationMailJob.php line 29' in /Users/johannes/Dropbox/Code/htdocs/sub2home/dev/server/app/controllers/jobs/mail/SendStoreOrderNotificationMailJob.php:29
Stack trace:
#0 /Users/johannes/Dropbox/Code/htdocs/sub2home/dev/server/app/controllers/jobs/mail/SendStoreOrderNotificationMailJob.php(29): Symfony\Component\HttpKernel\Debug\ErrorHandler->handle(8, 'Trying to get p...', '/Users/johannes...', 29, Array)
#1 /Users/johannes/Dropbox/Code/htdocs/sub2home/dev/server/app/controllers/jobs/mail/SendStoreOrderNotificationMailJob.php(22): App\Controllers\Jobs\Mail\SendStoreOrderNotificationMailJob->sendMail()
#2 /Users/johannes/Dropbox/Code/htdocs/sub2home/dev/server/app/controllers/jobs/BaseJob.php(17): App\Controllers\Jobs\Mail\SendStoreOrderNotificationMailJob->run()
#3 /Users/johannes/Dropbox/Code/htdocs/sub2home/dev/server/vendor/laravel/framework/src/Illuminate/Queue/Jobs/BeanstalkdJob.php(61): App\Controllers\Jobs\BaseJob->fire(Object(Illuminate\Queue\Jobs\BeanstalkdJob), Array)
#4 /Users/johannes/Dropbox/Code/htdocs/sub2home/dev/server/vendor/laravel/framework/src/Illuminate/Queue/Worker.php(68): Illuminate\Queue\Jobs\BeanstalkdJob->fire()
#5 /Users/johannes/Dropbox/Code/htdocs/sub2home/dev/server/vendor/laravel/framework/src/Illuminate/Queue/Worker.php(46): Illuminate\Queue\Worker->process(Object(Illuminate\Queue\Jobs\BeanstalkdJob), '0')
#6 /Users/johannes/Dropbox/Code/htdocs/sub2home/dev/server/vendor/laravel/framework/src/Illuminate/Queue/Console/WorkCommand.php(62): Illuminate\Queue\Worker->pop(NULL, 'default', '0', '128', true)
#7 /Users/johannes/Dropbox/Code/htdocs/sub2home/dev/server/vendor/laravel/framework/src/Illuminate/Console/Command.php(107): Illuminate\Queue\Console\WorkCommand->fire()
#8 /Users/johannes/Dropbox/Code/htdocs/sub2home/dev/server/vendor/symfony/console/Symfony/Component/Console/Command/Command.php(240): Illuminate\Console\Command->execute(Object(Symfony\Component\Console\Input\ArgvInput), Object(Symfony\Component\Console\Output\ConsoleOutput))
#9 /Users/johannes/Dropbox/Code/htdocs/sub2home/dev/server/vendor/laravel/framework/src/Illuminate/Console/Command.php(95): Symfony\Component\Console\Command\Command->run(Object(Symfony\Component\Console\Input\ArgvInput), Object(Symfony\Component\Console\Output\ConsoleOutput))
#10 /Users/johannes/Dropbox/Code/htdocs/sub2home/dev/server/vendor/symfony/console/Symfony/Component/Console/Application.php(193): Illuminate\Console\Command->run(Object(Symfony\Component\Console\Input\ArgvInput), Object(Symfony\Component\Console\Output\ConsoleOutput))
#11 /Users/johannes/Dropbox/Code/htdocs/sub2home/dev/server/vendor/symfony/console/Symfony/Component/Console/Application.php(106): Symfony\Component\Console\Application->doRun(Object(Symfony\Component\Console\Input\ArgvInput), Object(Symfony\Component\Console\Output\ConsoleOutput))
#12 /Users/johannes/Dropbox/Code/htdocs/sub2home/dev/server/artisan(59): Symfony\Component\Console\Application->run()
#13 {main} [] []
[2013-03-22 12:39:16] log.ERROR: exception 'Exception' with message 'SQLSTATE[42S22]: Column not found: 1054 Unknown column 'totalTurnover' in 'field list' (SQL: update `store_models` set `updated_at` = ?, `totalTurnover` = ? where `id` = ?) (Bindings: array (
  0 => 
  DateTime::__set_state(array(
     'date' => '2013-03-22 12:39:16',
     'timezone_type' => 3,
     'timezone' => 'Europe/Berlin',
  )),
  1 => 13.47,
  2 => 1,
))' in /Users/johannes/Dropbox/Code/htdocs/sub2home/dev/server/vendor/laravel/framework/src/Illuminate/Database/Connection.php:483
Stack trace:
#0 /Users/johannes/Dropbox/Code/htdocs/sub2home/dev/server/vendor/laravel/framework/src/Illuminate/Database/Connection.php(456): Illuminate\Database\Connection->handleQueryException(Object(PDOException), 'update `store_m...', Array)
#1 /Users/johannes/Dropbox/Code/htdocs/sub2home/dev/server/vendor/laravel/framework/src/Illuminate/Database/Connection.php(333): Illuminate\Database\Connection->run('update `store_m...', Array, Object(Closure))
#2 /Users/johannes/Dropbox/Code/htdocs/sub2home/dev/server/vendor/laravel/framework/src/Illuminate/Database/Connection.php(278): Illuminate\Database\Connection->affectingStatement('update `store_m...', Array)
#3 /Users/johannes/Dropbox/Code/htdocs/sub2home/dev/server/vendor/laravel/framework/src/Illuminate/Database/Query/Builder.php(1098): Illuminate\Database\Connection->update('update `store_m...', Array)
#4 [internal function]: Illuminate\Database\Query\Builder->update(Array)
#5 /Users/johannes/Dropbox/Code/htdocs/sub2home/dev/server/vendor/laravel/framework/src/Illuminate/Database/Eloquent/Builder.php(450): call_user_func_array(Array, Array)
#6 /Users/johannes/Dropbox/Code/htdocs/sub2home/dev/server/bootstrap/compiled.php(8631): Illuminate\Database\Eloquent\Builder->__call('update', Array)
#7 /Users/johannes/Dropbox/Code/htdocs/sub2home/dev/server/bootstrap/compiled.php(8631): Illuminate\Database\Eloquent\Builder->update(Array)
#8 /Users/johannes/Dropbox/Code/htdocs/sub2home/dev/server/bootstrap/compiled.php(8604): Illuminate\Database\Eloquent\Model->performUpdate(Object(Illuminate\Database\Eloquent\Builder))
#9 /Users/johannes/Dropbox/Code/htdocs/sub2home/dev/server/app/models/BaseModel.php(36): Illuminate\Database\Eloquent\Model->save()
#10 /Users/johannes/Dropbox/Code/htdocs/sub2home/dev/server/app/controllers/jobs/ProcessNewOrderJob.php(57): App\Models\BaseModel->save()
#11 /Users/johannes/Dropbox/Code/htdocs/sub2home/dev/server/app/controllers/jobs/ProcessNewOrderJob.php(22): App\Controllers\Jobs\ProcessNewOrderJob->updateTotalTurnoverOfStore()
#12 /Users/johannes/Dropbox/Code/htdocs/sub2home/dev/server/app/controllers/jobs/BaseJob.php(17): App\Controllers\Jobs\ProcessNewOrderJob->run()
#13 /Users/johannes/Dropbox/Code/htdocs/sub2home/dev/server/vendor/laravel/framework/src/Illuminate/Queue/Jobs/BeanstalkdJob.php(61): App\Controllers\Jobs\BaseJob->fire(Object(Illuminate\Queue\Jobs\BeanstalkdJob), Array)
#14 /Users/johannes/Dropbox/Code/htdocs/sub2home/dev/server/vendor/laravel/framework/src/Illuminate/Queue/Worker.php(68): Illuminate\Queue\Jobs\BeanstalkdJob->fire()
#15 /Users/johannes/Dropbox/Code/htdocs/sub2home/dev/server/vendor/laravel/framework/src/Illuminate/Queue/Worker.php(46): Illuminate\Queue\Worker->process(Object(Illuminate\Queue\Jobs\BeanstalkdJob), '0')
#16 /Users/johannes/Dropbox/Code/htdocs/sub2home/dev/server/vendor/laravel/framework/src/Illuminate/Queue/Console/WorkCommand.php(62): Illuminate\Queue\Worker->pop(NULL, 'default', '0', '128', true)
#17 /Users/johannes/Dropbox/Code/htdocs/sub2home/dev/server/vendor/laravel/framework/src/Illuminate/Console/Command.php(107): Illuminate\Queue\Console\WorkCommand->fire()
#18 /Users/johannes/Dropbox/Code/htdocs/sub2home/dev/server/vendor/symfony/console/Symfony/Component/Console/Command/Command.php(240): Illuminate\Console\Command->execute(Object(Symfony\Component\Console\Input\ArgvInput), Object(Symfony\Component\Console\Output\ConsoleOutput))
#19 /Users/johannes/Dropbox/Code/htdocs/sub2home/dev/server/vendor/laravel/framework/src/Illuminate/Console/Command.php(95): Symfony\Component\Console\Command\Command->run(Object(Symfony\Component\Console\Input\ArgvInput), Object(Symfony\Component\Console\Output\ConsoleOutput))
#20 /Users/johannes/Dropbox/Code/htdocs/sub2home/dev/server/vendor/symfony/console/Symfony/Component/Console/Application.php(193): Illuminate\Console\Command->run(Object(Symfony\Component\Console\Input\ArgvInput), Object(Symfony\Component\Console\Output\ConsoleOutput))
#21 /Users/johannes/Dropbox/Code/htdocs/sub2home/dev/server/vendor/symfony/console/Symfony/Component/Console/Application.php(106): Symfony\Component\Console\Application->doRun(Object(Symfony\Component\Console\Input\ArgvInput), Object(Symfony\Component\Console\Output\ConsoleOutput))
#22 /Users/johannes/Dropbox/Code/htdocs/sub2home/dev/server/artisan(59): Symfony\Component\Console\Application->run()
#23 {main} [] []
[2013-03-22 12:39:18] log.ERROR: exception 'ErrorException' with message 'Notice: Trying to get property of non-object in /Users/johannes/Dropbox/Code/htdocs/sub2home/dev/server/app/controllers/jobs/mail/SendStoreOrderNotificationMailJob.php line 29' in /Users/johannes/Dropbox/Code/htdocs/sub2home/dev/server/app/controllers/jobs/mail/SendStoreOrderNotificationMailJob.php:29
Stack trace:
#0 /Users/johannes/Dropbox/Code/htdocs/sub2home/dev/server/app/controllers/jobs/mail/SendStoreOrderNotificationMailJob.php(29): Symfony\Component\HttpKernel\Debug\ErrorHandler->handle(8, 'Trying to get p...', '/Users/johannes...', 29, Array)
#1 /Users/johannes/Dropbox/Code/htdocs/sub2home/dev/server/app/controllers/jobs/mail/SendStoreOrderNotificationMailJob.php(22): App\Controllers\Jobs\Mail\SendStoreOrderNotificationMailJob->sendMail()
#2 /Users/johannes/Dropbox/Code/htdocs/sub2home/dev/server/app/controllers/jobs/BaseJob.php(17): App\Controllers\Jobs\Mail\SendStoreOrderNotificationMailJob->run()
#3 /Users/johannes/Dropbox/Code/htdocs/sub2home/dev/server/vendor/laravel/framework/src/Illuminate/Queue/Jobs/BeanstalkdJob.php(61): App\Controllers\Jobs\BaseJob->fire(Object(Illuminate\Queue\Jobs\BeanstalkdJob), Array)
#4 /Users/johannes/Dropbox/Code/htdocs/sub2home/dev/server/vendor/laravel/framework/src/Illuminate/Queue/Worker.php(68): Illuminate\Queue\Jobs\BeanstalkdJob->fire()
#5 /Users/johannes/Dropbox/Code/htdocs/sub2home/dev/server/vendor/laravel/framework/src/Illuminate/Queue/Worker.php(46): Illuminate\Queue\Worker->process(Object(Illuminate\Queue\Jobs\BeanstalkdJob), '0')
#6 /Users/johannes/Dropbox/Code/htdocs/sub2home/dev/server/vendor/laravel/framework/src/Illuminate/Queue/Console/WorkCommand.php(62): Illuminate\Queue\Worker->pop(NULL, 'default', '0', '128', true)
#7 /Users/johannes/Dropbox/Code/htdocs/sub2home/dev/server/vendor/laravel/framework/src/Illuminate/Console/Command.php(107): Illuminate\Queue\Console\WorkCommand->fire()
#8 /Users/johannes/Dropbox/Code/htdocs/sub2home/dev/server/vendor/symfony/console/Symfony/Component/Console/Command/Command.php(240): Illuminate\Console\Command->execute(Object(Symfony\Component\Console\Input\ArgvInput), Object(Symfony\Component\Console\Output\ConsoleOutput))
#9 /Users/johannes/Dropbox/Code/htdocs/sub2home/dev/server/vendor/laravel/framework/src/Illuminate/Console/Command.php(95): Symfony\Component\Console\Command\Command->run(Object(Symfony\Component\Console\Input\ArgvInput), Object(Symfony\Component\Console\Output\ConsoleOutput))
#10 /Users/johannes/Dropbox/Code/htdocs/sub2home/dev/server/vendor/symfony/console/Symfony/Component/Console/Application.php(193): Illuminate\Console\Command->run(Object(Symfony\Component\Console\Input\ArgvInput), Object(Symfony\Component\Console\Output\ConsoleOutput))
#11 /Users/johannes/Dropbox/Code/htdocs/sub2home/dev/server/vendor/symfony/console/Symfony/Component/Console/Application.php(106): Symfony\Component\Console\Application->doRun(Object(Symfony\Component\Console\Input\ArgvInput), Object(Symfony\Component\Console\Output\ConsoleOutput))
#12 /Users/johannes/Dropbox/Code/htdocs/sub2home/dev/server/artisan(59): Symfony\Component\Console\Application->run()
#13 {main} [] []
[2013-03-22 12:40:55] log.ERROR: exception 'Exception' with message 'SQLSTATE[42S22]: Column not found: 1054 Unknown column 'totalTurnover' in 'field list' (SQL: update `store_models` set `updated_at` = ?, `totalTurnover` = ? where `id` = ?) (Bindings: array (
  0 => 
  DateTime::__set_state(array(
     'date' => '2013-03-22 12:40:55',
     'timezone_type' => 3,
     'timezone' => 'Europe/Berlin',
  )),
  1 => 8.98,
  2 => 1,
))' in /Users/johannes/Dropbox/Code/htdocs/sub2home/dev/server/vendor/laravel/framework/src/Illuminate/Database/Connection.php:483
Stack trace:
#0 /Users/johannes/Dropbox/Code/htdocs/sub2home/dev/server/vendor/laravel/framework/src/Illuminate/Database/Connection.php(456): Illuminate\Database\Connection->handleQueryException(Object(PDOException), 'update `store_m...', Array)
#1 /Users/johannes/Dropbox/Code/htdocs/sub2home/dev/server/vendor/laravel/framework/src/Illuminate/Database/Connection.php(333): Illuminate\Database\Connection->run('update `store_m...', Array, Object(Closure))
#2 /Users/johannes/Dropbox/Code/htdocs/sub2home/dev/server/vendor/laravel/framework/src/Illuminate/Database/Connection.php(278): Illuminate\Database\Connection->affectingStatement('update `store_m...', Array)
#3 /Users/johannes/Dropbox/Code/htdocs/sub2home/dev/server/vendor/laravel/framework/src/Illuminate/Database/Query/Builder.php(1098): Illuminate\Database\Connection->update('update `store_m...', Array)
#4 [internal function]: Illuminate\Database\Query\Builder->update(Array)
#5 /Users/johannes/Dropbox/Code/htdocs/sub2home/dev/server/vendor/laravel/framework/src/Illuminate/Database/Eloquent/Builder.php(450): call_user_func_array(Array, Array)
#6 /Users/johannes/Dropbox/Code/htdocs/sub2home/dev/server/bootstrap/compiled.php(8631): Illuminate\Database\Eloquent\Builder->__call('update', Array)
#7 /Users/johannes/Dropbox/Code/htdocs/sub2home/dev/server/bootstrap/compiled.php(8631): Illuminate\Database\Eloquent\Builder->update(Array)
#8 /Users/johannes/Dropbox/Code/htdocs/sub2home/dev/server/bootstrap/compiled.php(8604): Illuminate\Database\Eloquent\Model->performUpdate(Object(Illuminate\Database\Eloquent\Builder))
#9 /Users/johannes/Dropbox/Code/htdocs/sub2home/dev/server/app/models/BaseModel.php(36): Illuminate\Database\Eloquent\Model->save()
#10 /Users/johannes/Dropbox/Code/htdocs/sub2home/dev/server/app/controllers/jobs/ProcessNewOrderJob.php(57): App\Models\BaseModel->save()
#11 /Users/johannes/Dropbox/Code/htdocs/sub2home/dev/server/app/controllers/jobs/ProcessNewOrderJob.php(22): App\Controllers\Jobs\ProcessNewOrderJob->updateTotalTurnoverOfStore()
#12 /Users/johannes/Dropbox/Code/htdocs/sub2home/dev/server/app/controllers/jobs/BaseJob.php(17): App\Controllers\Jobs\ProcessNewOrderJob->run()
#13 /Users/johannes/Dropbox/Code/htdocs/sub2home/dev/server/vendor/laravel/framework/src/Illuminate/Queue/Jobs/BeanstalkdJob.php(61): App\Controllers\Jobs\BaseJob->fire(Object(Illuminate\Queue\Jobs\BeanstalkdJob), Array)
#14 /Users/johannes/Dropbox/Code/htdocs/sub2home/dev/server/vendor/laravel/framework/src/Illuminate/Queue/Worker.php(68): Illuminate\Queue\Jobs\BeanstalkdJob->fire()
#15 /Users/johannes/Dropbox/Code/htdocs/sub2home/dev/server/vendor/laravel/framework/src/Illuminate/Queue/Worker.php(46): Illuminate\Queue\Worker->process(Object(Illuminate\Queue\Jobs\BeanstalkdJob), '0')
#16 /Users/johannes/Dropbox/Code/htdocs/sub2home/dev/server/vendor/laravel/framework/src/Illuminate/Queue/Console/WorkCommand.php(62): Illuminate\Queue\Worker->pop(NULL, 'default', '0', '128', true)
#17 /Users/johannes/Dropbox/Code/htdocs/sub2home/dev/server/vendor/laravel/framework/src/Illuminate/Console/Command.php(107): Illuminate\Queue\Console\WorkCommand->fire()
#18 /Users/johannes/Dropbox/Code/htdocs/sub2home/dev/server/vendor/symfony/console/Symfony/Component/Console/Command/Command.php(240): Illuminate\Console\Command->execute(Object(Symfony\Component\Console\Input\ArgvInput), Object(Symfony\Component\Console\Output\ConsoleOutput))
#19 /Users/johannes/Dropbox/Code/htdocs/sub2home/dev/server/vendor/laravel/framework/src/Illuminate/Console/Command.php(95): Symfony\Component\Console\Command\Command->run(Object(Symfony\Component\Console\Input\ArgvInput), Object(Symfony\Component\Console\Output\ConsoleOutput))
#20 /Users/johannes/Dropbox/Code/htdocs/sub2home/dev/server/vendor/symfony/console/Symfony/Component/Console/Application.php(193): Illuminate\Console\Command->run(Object(Symfony\Component\Console\Input\ArgvInput), Object(Symfony\Component\Console\Output\ConsoleOutput))
#21 /Users/johannes/Dropbox/Code/htdocs/sub2home/dev/server/vendor/symfony/console/Symfony/Component/Console/Application.php(106): Symfony\Component\Console\Application->doRun(Object(Symfony\Component\Console\Input\ArgvInput), Object(Symfony\Component\Console\Output\ConsoleOutput))
#22 /Users/johannes/Dropbox/Code/htdocs/sub2home/dev/server/artisan(59): Symfony\Component\Console\Application->run()
#23 {main} [] []
[2013-03-22 12:40:58] log.ERROR: exception 'ErrorException' with message 'Notice: Trying to get property of non-object in /Users/johannes/Dropbox/Code/htdocs/sub2home/dev/server/app/controllers/jobs/mail/SendStoreOrderNotificationMailJob.php line 29' in /Users/johannes/Dropbox/Code/htdocs/sub2home/dev/server/app/controllers/jobs/mail/SendStoreOrderNotificationMailJob.php:29
Stack trace:
#0 /Users/johannes/Dropbox/Code/htdocs/sub2home/dev/server/app/controllers/jobs/mail/SendStoreOrderNotificationMailJob.php(29): Symfony\Component\HttpKernel\Debug\ErrorHandler->handle(8, 'Trying to get p...', '/Users/johannes...', 29, Array)
#1 /Users/johannes/Dropbox/Code/htdocs/sub2home/dev/server/app/controllers/jobs/mail/SendStoreOrderNotificationMailJob.php(22): App\Controllers\Jobs\Mail\SendStoreOrderNotificationMailJob->sendMail()
#2 /Users/johannes/Dropbox/Code/htdocs/sub2home/dev/server/app/controllers/jobs/BaseJob.php(17): App\Controllers\Jobs\Mail\SendStoreOrderNotificationMailJob->run()
#3 /Users/johannes/Dropbox/Code/htdocs/sub2home/dev/server/vendor/laravel/framework/src/Illuminate/Queue/Jobs/BeanstalkdJob.php(61): App\Controllers\Jobs\BaseJob->fire(Object(Illuminate\Queue\Jobs\BeanstalkdJob), Array)
#4 /Users/johannes/Dropbox/Code/htdocs/sub2home/dev/server/vendor/laravel/framework/src/Illuminate/Queue/Worker.php(68): Illuminate\Queue\Jobs\BeanstalkdJob->fire()
#5 /Users/johannes/Dropbox/Code/htdocs/sub2home/dev/server/vendor/laravel/framework/src/Illuminate/Queue/Worker.php(46): Illuminate\Queue\Worker->process(Object(Illuminate\Queue\Jobs\BeanstalkdJob), '0')
#6 /Users/johannes/Dropbox/Code/htdocs/sub2home/dev/server/vendor/laravel/framework/src/Illuminate/Queue/Console/WorkCommand.php(62): Illuminate\Queue\Worker->pop(NULL, 'default', '0', '128', true)
#7 /Users/johannes/Dropbox/Code/htdocs/sub2home/dev/server/vendor/laravel/framework/src/Illuminate/Console/Command.php(107): Illuminate\Queue\Console\WorkCommand->fire()
#8 /Users/johannes/Dropbox/Code/htdocs/sub2home/dev/server/vendor/symfony/console/Symfony/Component/Console/Command/Command.php(240): Illuminate\Console\Command->execute(Object(Symfony\Component\Console\Input\ArgvInput), Object(Symfony\Component\Console\Output\ConsoleOutput))
#9 /Users/johannes/Dropbox/Code/htdocs/sub2home/dev/server/vendor/laravel/framework/src/Illuminate/Console/Command.php(95): Symfony\Component\Console\Command\Command->run(Object(Symfony\Component\Console\Input\ArgvInput), Object(Symfony\Component\Console\Output\ConsoleOutput))
#10 /Users/johannes/Dropbox/Code/htdocs/sub2home/dev/server/vendor/symfony/console/Symfony/Component/Console/Application.php(193): Illuminate\Console\Command->run(Object(Symfony\Component\Console\Input\ArgvInput), Object(Symfony\Component\Console\Output\ConsoleOutput))
#11 /Users/johannes/Dropbox/Code/htdocs/sub2home/dev/server/vendor/symfony/console/Symfony/Component/Console/Application.php(106): Symfony\Component\Console\Application->doRun(Object(Symfony\Component\Console\Input\ArgvInput), Object(Symfony\Component\Console\Output\ConsoleOutput))
#12 /Users/johannes/Dropbox/Code/htdocs/sub2home/dev/server/artisan(59): Symfony\Component\Console\Application->run()
#13 {main} [] []
[2013-03-22 12:41:20] log.ERROR: exception 'Exception' with message 'SQLSTATE[42S22]: Column not found: 1054 Unknown column 'totalTurnover' in 'field list' (SQL: update `store_models` set `updated_at` = ?, `totalTurnover` = ? where `id` = ?) (Bindings: array (
  0 => 
  DateTime::__set_state(array(
     'date' => '2013-03-22 12:41:20',
     'timezone_type' => 3,
     'timezone' => 'Europe/Berlin',
  )),
  1 => 8.98,
  2 => 1,
))' in /Users/johannes/Dropbox/Code/htdocs/sub2home/dev/server/vendor/laravel/framework/src/Illuminate/Database/Connection.php:483
Stack trace:
#0 /Users/johannes/Dropbox/Code/htdocs/sub2home/dev/server/vendor/laravel/framework/src/Illuminate/Database/Connection.php(456): Illuminate\Database\Connection->handleQueryException(Object(PDOException), 'update `store_m...', Array)
#1 /Users/johannes/Dropbox/Code/htdocs/sub2home/dev/server/vendor/laravel/framework/src/Illuminate/Database/Connection.php(333): Illuminate\Database\Connection->run('update `store_m...', Array, Object(Closure))
#2 /Users/johannes/Dropbox/Code/htdocs/sub2home/dev/server/vendor/laravel/framework/src/Illuminate/Database/Connection.php(278): Illuminate\Database\Connection->affectingStatement('update `store_m...', Array)
#3 /Users/johannes/Dropbox/Code/htdocs/sub2home/dev/server/vendor/laravel/framework/src/Illuminate/Database/Query/Builder.php(1098): Illuminate\Database\Connection->update('update `store_m...', Array)
#4 [internal function]: Illuminate\Database\Query\Builder->update(Array)
#5 /Users/johannes/Dropbox/Code/htdocs/sub2home/dev/server/vendor/laravel/framework/src/Illuminate/Database/Eloquent/Builder.php(450): call_user_func_array(Array, Array)
#6 /Users/johannes/Dropbox/Code/htdocs/sub2home/dev/server/bootstrap/compiled.php(8631): Illuminate\Database\Eloquent\Builder->__call('update', Array)
#7 /Users/johannes/Dropbox/Code/htdocs/sub2home/dev/server/bootstrap/compiled.php(8631): Illuminate\Database\Eloquent\Builder->update(Array)
#8 /Users/johannes/Dropbox/Code/htdocs/sub2home/dev/server/bootstrap/compiled.php(8604): Illuminate\Database\Eloquent\Model->performUpdate(Object(Illuminate\Database\Eloquent\Builder))
#9 /Users/johannes/Dropbox/Code/htdocs/sub2home/dev/server/app/models/BaseModel.php(36): Illuminate\Database\Eloquent\Model->save()
#10 /Users/johannes/Dropbox/Code/htdocs/sub2home/dev/server/app/controllers/jobs/ProcessNewOrderJob.php(57): App\Models\BaseModel->save()
#11 /Users/johannes/Dropbox/Code/htdocs/sub2home/dev/server/app/controllers/jobs/ProcessNewOrderJob.php(22): App\Controllers\Jobs\ProcessNewOrderJob->updateTotalTurnoverOfStore()
#12 /Users/johannes/Dropbox/Code/htdocs/sub2home/dev/server/app/controllers/jobs/BaseJob.php(17): App\Controllers\Jobs\ProcessNewOrderJob->run()
#13 /Users/johannes/Dropbox/Code/htdocs/sub2home/dev/server/vendor/laravel/framework/src/Illuminate/Queue/Jobs/BeanstalkdJob.php(61): App\Controllers\Jobs\BaseJob->fire(Object(Illuminate\Queue\Jobs\BeanstalkdJob), Array)
#14 /Users/johannes/Dropbox/Code/htdocs/sub2home/dev/server/vendor/laravel/framework/src/Illuminate/Queue/Worker.php(68): Illuminate\Queue\Jobs\BeanstalkdJob->fire()
#15 /Users/johannes/Dropbox/Code/htdocs/sub2home/dev/server/vendor/laravel/framework/src/Illuminate/Queue/Worker.php(46): Illuminate\Queue\Worker->process(Object(Illuminate\Queue\Jobs\BeanstalkdJob), '0')
#16 /Users/johannes/Dropbox/Code/htdocs/sub2home/dev/server/vendor/laravel/framework/src/Illuminate/Queue/Console/WorkCommand.php(62): Illuminate\Queue\Worker->pop(NULL, 'default', '0', '128', true)
#17 /Users/johannes/Dropbox/Code/htdocs/sub2home/dev/server/vendor/laravel/framework/src/Illuminate/Console/Command.php(107): Illuminate\Queue\Console\WorkCommand->fire()
#18 /Users/johannes/Dropbox/Code/htdocs/sub2home/dev/server/vendor/symfony/console/Symfony/Component/Console/Command/Command.php(240): Illuminate\Console\Command->execute(Object(Symfony\Component\Console\Input\ArgvInput), Object(Symfony\Component\Console\Output\ConsoleOutput))
#19 /Users/johannes/Dropbox/Code/htdocs/sub2home/dev/server/vendor/laravel/framework/src/Illuminate/Console/Command.php(95): Symfony\Component\Console\Command\Command->run(Object(Symfony\Component\Console\Input\ArgvInput), Object(Symfony\Component\Console\Output\ConsoleOutput))
#20 /Users/johannes/Dropbox/Code/htdocs/sub2home/dev/server/vendor/symfony/console/Symfony/Component/Console/Application.php(193): Illuminate\Console\Command->run(Object(Symfony\Component\Console\Input\ArgvInput), Object(Symfony\Component\Console\Output\ConsoleOutput))
#21 /Users/johannes/Dropbox/Code/htdocs/sub2home/dev/server/vendor/symfony/console/Symfony/Component/Console/Application.php(106): Symfony\Component\Console\Application->doRun(Object(Symfony\Component\Console\Input\ArgvInput), Object(Symfony\Component\Console\Output\ConsoleOutput))
#22 /Users/johannes/Dropbox/Code/htdocs/sub2home/dev/server/artisan(59): Symfony\Component\Console\Application->run()
#23 {main} [] []
[2013-03-22 12:41:23] log.ERROR: exception 'ErrorException' with message 'Notice: Trying to get property of non-object in /Users/johannes/Dropbox/Code/htdocs/sub2home/dev/server/app/controllers/jobs/mail/SendStoreOrderNotificationMailJob.php line 29' in /Users/johannes/Dropbox/Code/htdocs/sub2home/dev/server/app/controllers/jobs/mail/SendStoreOrderNotificationMailJob.php:29
Stack trace:
#0 /Users/johannes/Dropbox/Code/htdocs/sub2home/dev/server/app/controllers/jobs/mail/SendStoreOrderNotificationMailJob.php(29): Symfony\Component\HttpKernel\Debug\ErrorHandler->handle(8, 'Trying to get p...', '/Users/johannes...', 29, Array)
#1 /Users/johannes/Dropbox/Code/htdocs/sub2home/dev/server/app/controllers/jobs/mail/SendStoreOrderNotificationMailJob.php(22): App\Controllers\Jobs\Mail\SendStoreOrderNotificationMailJob->sendMail()
#2 /Users/johannes/Dropbox/Code/htdocs/sub2home/dev/server/app/controllers/jobs/BaseJob.php(17): App\Controllers\Jobs\Mail\SendStoreOrderNotificationMailJob->run()
#3 /Users/johannes/Dropbox/Code/htdocs/sub2home/dev/server/vendor/laravel/framework/src/Illuminate/Queue/Jobs/BeanstalkdJob.php(61): App\Controllers\Jobs\BaseJob->fire(Object(Illuminate\Queue\Jobs\BeanstalkdJob), Array)
#4 /Users/johannes/Dropbox/Code/htdocs/sub2home/dev/server/vendor/laravel/framework/src/Illuminate/Queue/Worker.php(68): Illuminate\Queue\Jobs\BeanstalkdJob->fire()
#5 /Users/johannes/Dropbox/Code/htdocs/sub2home/dev/server/vendor/laravel/framework/src/Illuminate/Queue/Worker.php(46): Illuminate\Queue\Worker->process(Object(Illuminate\Queue\Jobs\BeanstalkdJob), '0')
#6 /Users/johannes/Dropbox/Code/htdocs/sub2home/dev/server/vendor/laravel/framework/src/Illuminate/Queue/Console/WorkCommand.php(62): Illuminate\Queue\Worker->pop(NULL, 'default', '0', '128', true)
#7 /Users/johannes/Dropbox/Code/htdocs/sub2home/dev/server/vendor/laravel/framework/src/Illuminate/Console/Command.php(107): Illuminate\Queue\Console\WorkCommand->fire()
#8 /Users/johannes/Dropbox/Code/htdocs/sub2home/dev/server/vendor/symfony/console/Symfony/Component/Console/Command/Command.php(240): Illuminate\Console\Command->execute(Object(Symfony\Component\Console\Input\ArgvInput), Object(Symfony\Component\Console\Output\ConsoleOutput))
#9 /Users/johannes/Dropbox/Code/htdocs/sub2home/dev/server/vendor/laravel/framework/src/Illuminate/Console/Command.php(95): Symfony\Component\Console\Command\Command->run(Object(Symfony\Component\Console\Input\ArgvInput), Object(Symfony\Component\Console\Output\ConsoleOutput))
#10 /Users/johannes/Dropbox/Code/htdocs/sub2home/dev/server/vendor/symfony/console/Symfony/Component/Console/Application.php(193): Illuminate\Console\Command->run(Object(Symfony\Component\Console\Input\ArgvInput), Object(Symfony\Component\Console\Output\ConsoleOutput))
#11 /Users/johannes/Dropbox/Code/htdocs/sub2home/dev/server/vendor/symfony/console/Symfony/Component/Console/Application.php(106): Symfony\Component\Console\Application->doRun(Object(Symfony\Component\Console\Input\ArgvInput), Object(Symfony\Component\Console\Output\ConsoleOutput))
#12 /Users/johannes/Dropbox/Code/htdocs/sub2home/dev/server/artisan(59): Symfony\Component\Console\Application->run()
#13 {main} [] []
[2013-03-22 12:54:33] log.ERROR: exception 'Exception' with message 'SQLSTATE[42S22]: Column not found: 1054 Unknown column 'totalTurnover' in 'field list' (SQL: update `store_models` set `updated_at` = ?, `totalTurnover` = ? where `id` = ?) (Bindings: array (
  0 => 
  DateTime::__set_state(array(
     'date' => '2013-03-22 12:54:33',
     'timezone_type' => 3,
     'timezone' => 'Europe/Berlin',
  )),
  1 => 8.98,
  2 => 1,
))' in /Users/johannes/Dropbox/Code/htdocs/sub2home/dev/server/vendor/laravel/framework/src/Illuminate/Database/Connection.php:483
Stack trace:
#0 /Users/johannes/Dropbox/Code/htdocs/sub2home/dev/server/vendor/laravel/framework/src/Illuminate/Database/Connection.php(456): Illuminate\Database\Connection->handleQueryException(Object(PDOException), 'update `store_m...', Array)
#1 /Users/johannes/Dropbox/Code/htdocs/sub2home/dev/server/vendor/laravel/framework/src/Illuminate/Database/Connection.php(333): Illuminate\Database\Connection->run('update `store_m...', Array, Object(Closure))
#2 /Users/johannes/Dropbox/Code/htdocs/sub2home/dev/server/vendor/laravel/framework/src/Illuminate/Database/Connection.php(278): Illuminate\Database\Connection->affectingStatement('update `store_m...', Array)
#3 /Users/johannes/Dropbox/Code/htdocs/sub2home/dev/server/vendor/laravel/framework/src/Illuminate/Database/Query/Builder.php(1098): Illuminate\Database\Connection->update('update `store_m...', Array)
#4 [internal function]: Illuminate\Database\Query\Builder->update(Array)
#5 /Users/johannes/Dropbox/Code/htdocs/sub2home/dev/server/vendor/laravel/framework/src/Illuminate/Database/Eloquent/Builder.php(450): call_user_func_array(Array, Array)
#6 /Users/johannes/Dropbox/Code/htdocs/sub2home/dev/server/bootstrap/compiled.php(8631): Illuminate\Database\Eloquent\Builder->__call('update', Array)
#7 /Users/johannes/Dropbox/Code/htdocs/sub2home/dev/server/bootstrap/compiled.php(8631): Illuminate\Database\Eloquent\Builder->update(Array)
#8 /Users/johannes/Dropbox/Code/htdocs/sub2home/dev/server/bootstrap/compiled.php(8604): Illuminate\Database\Eloquent\Model->performUpdate(Object(Illuminate\Database\Eloquent\Builder))
#9 /Users/johannes/Dropbox/Code/htdocs/sub2home/dev/server/app/models/BaseModel.php(36): Illuminate\Database\Eloquent\Model->save()
#10 /Users/johannes/Dropbox/Code/htdocs/sub2home/dev/server/app/controllers/jobs/ProcessNewOrderJob.php(57): App\Models\BaseModel->save()
#11 /Users/johannes/Dropbox/Code/htdocs/sub2home/dev/server/app/controllers/jobs/ProcessNewOrderJob.php(22): App\Controllers\Jobs\ProcessNewOrderJob->updateTotalTurnoverOfStore()
#12 /Users/johannes/Dropbox/Code/htdocs/sub2home/dev/server/app/controllers/jobs/BaseJob.php(17): App\Controllers\Jobs\ProcessNewOrderJob->run()
#13 /Users/johannes/Dropbox/Code/htdocs/sub2home/dev/server/vendor/laravel/framework/src/Illuminate/Queue/Jobs/BeanstalkdJob.php(61): App\Controllers\Jobs\BaseJob->fire(Object(Illuminate\Queue\Jobs\BeanstalkdJob), Array)
#14 /Users/johannes/Dropbox/Code/htdocs/sub2home/dev/server/vendor/laravel/framework/src/Illuminate/Queue/Worker.php(68): Illuminate\Queue\Jobs\BeanstalkdJob->fire()
#15 /Users/johannes/Dropbox/Code/htdocs/sub2home/dev/server/vendor/laravel/framework/src/Illuminate/Queue/Worker.php(46): Illuminate\Queue\Worker->process(Object(Illuminate\Queue\Jobs\BeanstalkdJob), '0')
#16 /Users/johannes/Dropbox/Code/htdocs/sub2home/dev/server/vendor/laravel/framework/src/Illuminate/Queue/Console/WorkCommand.php(62): Illuminate\Queue\Worker->pop(NULL, 'default', '0', '128', true)
#17 /Users/johannes/Dropbox/Code/htdocs/sub2home/dev/server/vendor/laravel/framework/src/Illuminate/Console/Command.php(107): Illuminate\Queue\Console\WorkCommand->fire()
#18 /Users/johannes/Dropbox/Code/htdocs/sub2home/dev/server/vendor/symfony/console/Symfony/Component/Console/Command/Command.php(240): Illuminate\Console\Command->execute(Object(Symfony\Component\Console\Input\ArgvInput), Object(Symfony\Component\Console\Output\ConsoleOutput))
#19 /Users/johannes/Dropbox/Code/htdocs/sub2home/dev/server/vendor/laravel/framework/src/Illuminate/Console/Command.php(95): Symfony\Component\Console\Command\Command->run(Object(Symfony\Component\Console\Input\ArgvInput), Object(Symfony\Component\Console\Output\ConsoleOutput))
#20 /Users/johannes/Dropbox/Code/htdocs/sub2home/dev/server/vendor/symfony/console/Symfony/Component/Console/Application.php(193): Illuminate\Console\Command->run(Object(Symfony\Component\Console\Input\ArgvInput), Object(Symfony\Component\Console\Output\ConsoleOutput))
#21 /Users/johannes/Dropbox/Code/htdocs/sub2home/dev/server/vendor/symfony/console/Symfony/Component/Console/Application.php(106): Symfony\Component\Console\Application->doRun(Object(Symfony\Component\Console\Input\ArgvInput), Object(Symfony\Component\Console\Output\ConsoleOutput))
#22 /Users/johannes/Dropbox/Code/htdocs/sub2home/dev/server/artisan(59): Symfony\Component\Console\Application->run()
#23 {main} [] []
[2013-03-22 12:54:36] log.ERROR: exception 'ErrorException' with message 'Notice: Trying to get property of non-object in /Users/johannes/Dropbox/Code/htdocs/sub2home/dev/server/app/controllers/jobs/mail/SendStoreOrderNotificationMailJob.php line 29' in /Users/johannes/Dropbox/Code/htdocs/sub2home/dev/server/app/controllers/jobs/mail/SendStoreOrderNotificationMailJob.php:29
Stack trace:
#0 /Users/johannes/Dropbox/Code/htdocs/sub2home/dev/server/app/controllers/jobs/mail/SendStoreOrderNotificationMailJob.php(29): Symfony\Component\HttpKernel\Debug\ErrorHandler->handle(8, 'Trying to get p...', '/Users/johannes...', 29, Array)
#1 /Users/johannes/Dropbox/Code/htdocs/sub2home/dev/server/app/controllers/jobs/mail/SendStoreOrderNotificationMailJob.php(22): App\Controllers\Jobs\Mail\SendStoreOrderNotificationMailJob->sendMail()
#2 /Users/johannes/Dropbox/Code/htdocs/sub2home/dev/server/app/controllers/jobs/BaseJob.php(17): App\Controllers\Jobs\Mail\SendStoreOrderNotificationMailJob->run()
#3 /Users/johannes/Dropbox/Code/htdocs/sub2home/dev/server/vendor/laravel/framework/src/Illuminate/Queue/Jobs/BeanstalkdJob.php(61): App\Controllers\Jobs\BaseJob->fire(Object(Illuminate\Queue\Jobs\BeanstalkdJob), Array)
#4 /Users/johannes/Dropbox/Code/htdocs/sub2home/dev/server/vendor/laravel/framework/src/Illuminate/Queue/Worker.php(68): Illuminate\Queue\Jobs\BeanstalkdJob->fire()
#5 /Users/johannes/Dropbox/Code/htdocs/sub2home/dev/server/vendor/laravel/framework/src/Illuminate/Queue/Worker.php(46): Illuminate\Queue\Worker->process(Object(Illuminate\Queue\Jobs\BeanstalkdJob), '0')
#6 /Users/johannes/Dropbox/Code/htdocs/sub2home/dev/server/vendor/laravel/framework/src/Illuminate/Queue/Console/WorkCommand.php(62): Illuminate\Queue\Worker->pop(NULL, 'default', '0', '128', true)
#7 /Users/johannes/Dropbox/Code/htdocs/sub2home/dev/server/vendor/laravel/framework/src/Illuminate/Console/Command.php(107): Illuminate\Queue\Console\WorkCommand->fire()
#8 /Users/johannes/Dropbox/Code/htdocs/sub2home/dev/server/vendor/symfony/console/Symfony/Component/Console/Command/Command.php(240): Illuminate\Console\Command->execute(Object(Symfony\Component\Console\Input\ArgvInput), Object(Symfony\Component\Console\Output\ConsoleOutput))
#9 /Users/johannes/Dropbox/Code/htdocs/sub2home/dev/server/vendor/laravel/framework/src/Illuminate/Console/Command.php(95): Symfony\Component\Console\Command\Command->run(Object(Symfony\Component\Console\Input\ArgvInput), Object(Symfony\Component\Console\Output\ConsoleOutput))
#10 /Users/johannes/Dropbox/Code/htdocs/sub2home/dev/server/vendor/symfony/console/Symfony/Component/Console/Application.php(193): Illuminate\Console\Command->run(Object(Symfony\Component\Console\Input\ArgvInput), Object(Symfony\Component\Console\Output\ConsoleOutput))
#11 /Users/johannes/Dropbox/Code/htdocs/sub2home/dev/server/vendor/symfony/console/Symfony/Component/Console/Application.php(106): Symfony\Component\Console\Application->doRun(Object(Symfony\Component\Console\Input\ArgvInput), Object(Symfony\Component\Console\Output\ConsoleOutput))
#12 /Users/johannes/Dropbox/Code/htdocs/sub2home/dev/server/artisan(59): Symfony\Component\Console\Application->run()
#13 {main} [] []
[2013-03-22 13:11:05] log.ERROR: exception 'Exception' with message 'SQLSTATE[42S22]: Column not found: 1054 Unknown column 'totalTurnover' in 'field list' (SQL: update `store_models` set `updated_at` = ?, `totalTurnover` = ? where `id` = ?) (Bindings: array (
  0 => 
  DateTime::__set_state(array(
     'date' => '2013-03-22 13:11:05',
     'timezone_type' => 3,
     'timezone' => 'Europe/Berlin',
  )),
  1 => 8.98,
  2 => 1,
))' in /Users/johannes/Dropbox/Code/htdocs/sub2home/dev/server/vendor/laravel/framework/src/Illuminate/Database/Connection.php:483
Stack trace:
#0 /Users/johannes/Dropbox/Code/htdocs/sub2home/dev/server/vendor/laravel/framework/src/Illuminate/Database/Connection.php(456): Illuminate\Database\Connection->handleQueryException(Object(PDOException), 'update `store_m...', Array)
#1 /Users/johannes/Dropbox/Code/htdocs/sub2home/dev/server/vendor/laravel/framework/src/Illuminate/Database/Connection.php(333): Illuminate\Database\Connection->run('update `store_m...', Array, Object(Closure))
#2 /Users/johannes/Dropbox/Code/htdocs/sub2home/dev/server/vendor/laravel/framework/src/Illuminate/Database/Connection.php(278): Illuminate\Database\Connection->affectingStatement('update `store_m...', Array)
#3 /Users/johannes/Dropbox/Code/htdocs/sub2home/dev/server/vendor/laravel/framework/src/Illuminate/Database/Query/Builder.php(1098): Illuminate\Database\Connection->update('update `store_m...', Array)
#4 [internal function]: Illuminate\Database\Query\Builder->update(Array)
#5 /Users/johannes/Dropbox/Code/htdocs/sub2home/dev/server/vendor/laravel/framework/src/Illuminate/Database/Eloquent/Builder.php(450): call_user_func_array(Array, Array)
#6 /Users/johannes/Dropbox/Code/htdocs/sub2home/dev/server/bootstrap/compiled.php(8631): Illuminate\Database\Eloquent\Builder->__call('update', Array)
#7 /Users/johannes/Dropbox/Code/htdocs/sub2home/dev/server/bootstrap/compiled.php(8631): Illuminate\Database\Eloquent\Builder->update(Array)
#8 /Users/johannes/Dropbox/Code/htdocs/sub2home/dev/server/bootstrap/compiled.php(8604): Illuminate\Database\Eloquent\Model->performUpdate(Object(Illuminate\Database\Eloquent\Builder))
#9 /Users/johannes/Dropbox/Code/htdocs/sub2home/dev/server/app/models/BaseModel.php(36): Illuminate\Database\Eloquent\Model->save()
#10 /Users/johannes/Dropbox/Code/htdocs/sub2home/dev/server/app/controllers/jobs/ProcessNewOrderJob.php(57): App\Models\BaseModel->save()
#11 /Users/johannes/Dropbox/Code/htdocs/sub2home/dev/server/app/controllers/jobs/ProcessNewOrderJob.php(22): App\Controllers\Jobs\ProcessNewOrderJob->updateTotalTurnoverOfStore()
#12 /Users/johannes/Dropbox/Code/htdocs/sub2home/dev/server/app/controllers/jobs/BaseJob.php(17): App\Controllers\Jobs\ProcessNewOrderJob->run()
#13 /Users/johannes/Dropbox/Code/htdocs/sub2home/dev/server/vendor/laravel/framework/src/Illuminate/Queue/Jobs/BeanstalkdJob.php(61): App\Controllers\Jobs\BaseJob->fire(Object(Illuminate\Queue\Jobs\BeanstalkdJob), Array)
#14 /Users/johannes/Dropbox/Code/htdocs/sub2home/dev/server/vendor/laravel/framework/src/Illuminate/Queue/Worker.php(68): Illuminate\Queue\Jobs\BeanstalkdJob->fire()
#15 /Users/johannes/Dropbox/Code/htdocs/sub2home/dev/server/vendor/laravel/framework/src/Illuminate/Queue/Worker.php(46): Illuminate\Queue\Worker->process(Object(Illuminate\Queue\Jobs\BeanstalkdJob), '0')
#16 /Users/johannes/Dropbox/Code/htdocs/sub2home/dev/server/vendor/laravel/framework/src/Illuminate/Queue/Console/WorkCommand.php(62): Illuminate\Queue\Worker->pop(NULL, 'default', '0', '128', true)
#17 /Users/johannes/Dropbox/Code/htdocs/sub2home/dev/server/vendor/laravel/framework/src/Illuminate/Console/Command.php(107): Illuminate\Queue\Console\WorkCommand->fire()
#18 /Users/johannes/Dropbox/Code/htdocs/sub2home/dev/server/vendor/symfony/console/Symfony/Component/Console/Command/Command.php(240): Illuminate\Console\Command->execute(Object(Symfony\Component\Console\Input\ArgvInput), Object(Symfony\Component\Console\Output\ConsoleOutput))
#19 /Users/johannes/Dropbox/Code/htdocs/sub2home/dev/server/vendor/laravel/framework/src/Illuminate/Console/Command.php(95): Symfony\Component\Console\Command\Command->run(Object(Symfony\Component\Console\Input\ArgvInput), Object(Symfony\Component\Console\Output\ConsoleOutput))
#20 /Users/johannes/Dropbox/Code/htdocs/sub2home/dev/server/vendor/symfony/console/Symfony/Component/Console/Application.php(193): Illuminate\Console\Command->run(Object(Symfony\Component\Console\Input\ArgvInput), Object(Symfony\Component\Console\Output\ConsoleOutput))
#21 /Users/johannes/Dropbox/Code/htdocs/sub2home/dev/server/vendor/symfony/console/Symfony/Component/Console/Application.php(106): Symfony\Component\Console\Application->doRun(Object(Symfony\Component\Console\Input\ArgvInput), Object(Symfony\Component\Console\Output\ConsoleOutput))
#22 /Users/johannes/Dropbox/Code/htdocs/sub2home/dev/server/artisan(59): Symfony\Component\Console\Application->run()
#23 {main} [] []
[2013-03-22 13:11:07] log.ERROR: exception 'ErrorException' with message 'Notice: Trying to get property of non-object in /Users/johannes/Dropbox/Code/htdocs/sub2home/dev/server/app/controllers/jobs/mail/SendStoreOrderNotificationMailJob.php line 29' in /Users/johannes/Dropbox/Code/htdocs/sub2home/dev/server/app/controllers/jobs/mail/SendStoreOrderNotificationMailJob.php:29
Stack trace:
#0 /Users/johannes/Dropbox/Code/htdocs/sub2home/dev/server/app/controllers/jobs/mail/SendStoreOrderNotificationMailJob.php(29): Symfony\Component\HttpKernel\Debug\ErrorHandler->handle(8, 'Trying to get p...', '/Users/johannes...', 29, Array)
#1 /Users/johannes/Dropbox/Code/htdocs/sub2home/dev/server/app/controllers/jobs/mail/SendStoreOrderNotificationMailJob.php(22): App\Controllers\Jobs\Mail\SendStoreOrderNotificationMailJob->sendMail()
#2 /Users/johannes/Dropbox/Code/htdocs/sub2home/dev/server/app/controllers/jobs/BaseJob.php(17): App\Controllers\Jobs\Mail\SendStoreOrderNotificationMailJob->run()
#3 /Users/johannes/Dropbox/Code/htdocs/sub2home/dev/server/vendor/laravel/framework/src/Illuminate/Queue/Jobs/BeanstalkdJob.php(61): App\Controllers\Jobs\BaseJob->fire(Object(Illuminate\Queue\Jobs\BeanstalkdJob), Array)
#4 /Users/johannes/Dropbox/Code/htdocs/sub2home/dev/server/vendor/laravel/framework/src/Illuminate/Queue/Worker.php(68): Illuminate\Queue\Jobs\BeanstalkdJob->fire()
#5 /Users/johannes/Dropbox/Code/htdocs/sub2home/dev/server/vendor/laravel/framework/src/Illuminate/Queue/Worker.php(46): Illuminate\Queue\Worker->process(Object(Illuminate\Queue\Jobs\BeanstalkdJob), '0')
#6 /Users/johannes/Dropbox/Code/htdocs/sub2home/dev/server/vendor/laravel/framework/src/Illuminate/Queue/Console/WorkCommand.php(62): Illuminate\Queue\Worker->pop(NULL, 'default', '0', '128', true)
#7 /Users/johannes/Dropbox/Code/htdocs/sub2home/dev/server/vendor/laravel/framework/src/Illuminate/Console/Command.php(107): Illuminate\Queue\Console\WorkCommand->fire()
#8 /Users/johannes/Dropbox/Code/htdocs/sub2home/dev/server/vendor/symfony/console/Symfony/Component/Console/Command/Command.php(240): Illuminate\Console\Command->execute(Object(Symfony\Component\Console\Input\ArgvInput), Object(Symfony\Component\Console\Output\ConsoleOutput))
#9 /Users/johannes/Dropbox/Code/htdocs/sub2home/dev/server/vendor/laravel/framework/src/Illuminate/Console/Command.php(95): Symfony\Component\Console\Command\Command->run(Object(Symfony\Component\Console\Input\ArgvInput), Object(Symfony\Component\Console\Output\ConsoleOutput))
#10 /Users/johannes/Dropbox/Code/htdocs/sub2home/dev/server/vendor/symfony/console/Symfony/Component/Console/Application.php(193): Illuminate\Console\Command->run(Object(Symfony\Component\Console\Input\ArgvInput), Object(Symfony\Component\Console\Output\ConsoleOutput))
#11 /Users/johannes/Dropbox/Code/htdocs/sub2home/dev/server/vendor/symfony/console/Symfony/Component/Console/Application.php(106): Symfony\Component\Console\Application->doRun(Object(Symfony\Component\Console\Input\ArgvInput), Object(Symfony\Component\Console\Output\ConsoleOutput))
#12 /Users/johannes/Dropbox/Code/htdocs/sub2home/dev/server/artisan(59): Symfony\Component\Console\Application->run()
#13 {main} [] []
[2013-03-22 13:17:21] log.ERROR: exception 'Exception' with message 'SQLSTATE[42S22]: Column not found: 1054 Unknown column 'totalTurnover' in 'field list' (SQL: update `store_models` set `updated_at` = ?, `totalTurnover` = ? where `id` = ?) (Bindings: array (
  0 => 
  DateTime::__set_state(array(
     'date' => '2013-03-22 13:17:21',
     'timezone_type' => 3,
     'timezone' => 'Europe/Berlin',
  )),
  1 => 6.74,
  2 => 1,
))' in /Users/johannes/Dropbox/Code/htdocs/sub2home/dev/server/vendor/laravel/framework/src/Illuminate/Database/Connection.php:483
Stack trace:
#0 /Users/johannes/Dropbox/Code/htdocs/sub2home/dev/server/vendor/laravel/framework/src/Illuminate/Database/Connection.php(456): Illuminate\Database\Connection->handleQueryException(Object(PDOException), 'update `store_m...', Array)
#1 /Users/johannes/Dropbox/Code/htdocs/sub2home/dev/server/vendor/laravel/framework/src/Illuminate/Database/Connection.php(333): Illuminate\Database\Connection->run('update `store_m...', Array, Object(Closure))
#2 /Users/johannes/Dropbox/Code/htdocs/sub2home/dev/server/vendor/laravel/framework/src/Illuminate/Database/Connection.php(278): Illuminate\Database\Connection->affectingStatement('update `store_m...', Array)
#3 /Users/johannes/Dropbox/Code/htdocs/sub2home/dev/server/vendor/laravel/framework/src/Illuminate/Database/Query/Builder.php(1098): Illuminate\Database\Connection->update('update `store_m...', Array)
#4 [internal function]: Illuminate\Database\Query\Builder->update(Array)
#5 /Users/johannes/Dropbox/Code/htdocs/sub2home/dev/server/vendor/laravel/framework/src/Illuminate/Database/Eloquent/Builder.php(450): call_user_func_array(Array, Array)
#6 /Users/johannes/Dropbox/Code/htdocs/sub2home/dev/server/bootstrap/compiled.php(8631): Illuminate\Database\Eloquent\Builder->__call('update', Array)
#7 /Users/johannes/Dropbox/Code/htdocs/sub2home/dev/server/bootstrap/compiled.php(8631): Illuminate\Database\Eloquent\Builder->update(Array)
#8 /Users/johannes/Dropbox/Code/htdocs/sub2home/dev/server/bootstrap/compiled.php(8604): Illuminate\Database\Eloquent\Model->performUpdate(Object(Illuminate\Database\Eloquent\Builder))
#9 /Users/johannes/Dropbox/Code/htdocs/sub2home/dev/server/app/models/BaseModel.php(36): Illuminate\Database\Eloquent\Model->save()
#10 /Users/johannes/Dropbox/Code/htdocs/sub2home/dev/server/app/controllers/jobs/ProcessNewOrderJob.php(57): App\Models\BaseModel->save()
#11 /Users/johannes/Dropbox/Code/htdocs/sub2home/dev/server/app/controllers/jobs/ProcessNewOrderJob.php(22): App\Controllers\Jobs\ProcessNewOrderJob->updateTotalTurnoverOfStore()
#12 /Users/johannes/Dropbox/Code/htdocs/sub2home/dev/server/app/controllers/jobs/BaseJob.php(17): App\Controllers\Jobs\ProcessNewOrderJob->run()
#13 /Users/johannes/Dropbox/Code/htdocs/sub2home/dev/server/vendor/laravel/framework/src/Illuminate/Queue/Jobs/BeanstalkdJob.php(61): App\Controllers\Jobs\BaseJob->fire(Object(Illuminate\Queue\Jobs\BeanstalkdJob), Array)
#14 /Users/johannes/Dropbox/Code/htdocs/sub2home/dev/server/vendor/laravel/framework/src/Illuminate/Queue/Worker.php(68): Illuminate\Queue\Jobs\BeanstalkdJob->fire()
#15 /Users/johannes/Dropbox/Code/htdocs/sub2home/dev/server/vendor/laravel/framework/src/Illuminate/Queue/Worker.php(46): Illuminate\Queue\Worker->process(Object(Illuminate\Queue\Jobs\BeanstalkdJob), '0')
#16 /Users/johannes/Dropbox/Code/htdocs/sub2home/dev/server/vendor/laravel/framework/src/Illuminate/Queue/Console/WorkCommand.php(62): Illuminate\Queue\Worker->pop(NULL, 'default', '0', '128', true)
#17 /Users/johannes/Dropbox/Code/htdocs/sub2home/dev/server/vendor/laravel/framework/src/Illuminate/Console/Command.php(107): Illuminate\Queue\Console\WorkCommand->fire()
#18 /Users/johannes/Dropbox/Code/htdocs/sub2home/dev/server/vendor/symfony/console/Symfony/Component/Console/Command/Command.php(240): Illuminate\Console\Command->execute(Object(Symfony\Component\Console\Input\ArgvInput), Object(Symfony\Component\Console\Output\ConsoleOutput))
#19 /Users/johannes/Dropbox/Code/htdocs/sub2home/dev/server/vendor/laravel/framework/src/Illuminate/Console/Command.php(95): Symfony\Component\Console\Command\Command->run(Object(Symfony\Component\Console\Input\ArgvInput), Object(Symfony\Component\Console\Output\ConsoleOutput))
#20 /Users/johannes/Dropbox/Code/htdocs/sub2home/dev/server/vendor/symfony/console/Symfony/Component/Console/Application.php(193): Illuminate\Console\Command->run(Object(Symfony\Component\Console\Input\ArgvInput), Object(Symfony\Component\Console\Output\ConsoleOutput))
#21 /Users/johannes/Dropbox/Code/htdocs/sub2home/dev/server/vendor/symfony/console/Symfony/Component/Console/Application.php(106): Symfony\Component\Console\Application->doRun(Object(Symfony\Component\Console\Input\ArgvInput), Object(Symfony\Component\Console\Output\ConsoleOutput))
#22 /Users/johannes/Dropbox/Code/htdocs/sub2home/dev/server/artisan(59): Symfony\Component\Console\Application->run()
#23 {main} [] []
[2013-03-22 13:17:24] log.ERROR: exception 'ErrorException' with message 'Notice: Trying to get property of non-object in /Users/johannes/Dropbox/Code/htdocs/sub2home/dev/server/app/controllers/jobs/mail/SendStoreOrderNotificationMailJob.php line 29' in /Users/johannes/Dropbox/Code/htdocs/sub2home/dev/server/app/controllers/jobs/mail/SendStoreOrderNotificationMailJob.php:29
Stack trace:
#0 /Users/johannes/Dropbox/Code/htdocs/sub2home/dev/server/app/controllers/jobs/mail/SendStoreOrderNotificationMailJob.php(29): Symfony\Component\HttpKernel\Debug\ErrorHandler->handle(8, 'Trying to get p...', '/Users/johannes...', 29, Array)
#1 /Users/johannes/Dropbox/Code/htdocs/sub2home/dev/server/app/controllers/jobs/mail/SendStoreOrderNotificationMailJob.php(22): App\Controllers\Jobs\Mail\SendStoreOrderNotificationMailJob->sendMail()
#2 /Users/johannes/Dropbox/Code/htdocs/sub2home/dev/server/app/controllers/jobs/BaseJob.php(17): App\Controllers\Jobs\Mail\SendStoreOrderNotificationMailJob->run()
#3 /Users/johannes/Dropbox/Code/htdocs/sub2home/dev/server/vendor/laravel/framework/src/Illuminate/Queue/Jobs/BeanstalkdJob.php(61): App\Controllers\Jobs\BaseJob->fire(Object(Illuminate\Queue\Jobs\BeanstalkdJob), Array)
#4 /Users/johannes/Dropbox/Code/htdocs/sub2home/dev/server/vendor/laravel/framework/src/Illuminate/Queue/Worker.php(68): Illuminate\Queue\Jobs\BeanstalkdJob->fire()
#5 /Users/johannes/Dropbox/Code/htdocs/sub2home/dev/server/vendor/laravel/framework/src/Illuminate/Queue/Worker.php(46): Illuminate\Queue\Worker->process(Object(Illuminate\Queue\Jobs\BeanstalkdJob), '0')
#6 /Users/johannes/Dropbox/Code/htdocs/sub2home/dev/server/vendor/laravel/framework/src/Illuminate/Queue/Console/WorkCommand.php(62): Illuminate\Queue\Worker->pop(NULL, 'default', '0', '128', true)
#7 /Users/johannes/Dropbox/Code/htdocs/sub2home/dev/server/vendor/laravel/framework/src/Illuminate/Console/Command.php(107): Illuminate\Queue\Console\WorkCommand->fire()
#8 /Users/johannes/Dropbox/Code/htdocs/sub2home/dev/server/vendor/symfony/console/Symfony/Component/Console/Command/Command.php(240): Illuminate\Console\Command->execute(Object(Symfony\Component\Console\Input\ArgvInput), Object(Symfony\Component\Console\Output\ConsoleOutput))
#9 /Users/johannes/Dropbox/Code/htdocs/sub2home/dev/server/vendor/laravel/framework/src/Illuminate/Console/Command.php(95): Symfony\Component\Console\Command\Command->run(Object(Symfony\Component\Console\Input\ArgvInput), Object(Symfony\Component\Console\Output\ConsoleOutput))
#10 /Users/johannes/Dropbox/Code/htdocs/sub2home/dev/server/vendor/symfony/console/Symfony/Component/Console/Application.php(193): Illuminate\Console\Command->run(Object(Symfony\Component\Console\Input\ArgvInput), Object(Symfony\Component\Console\Output\ConsoleOutput))
#11 /Users/johannes/Dropbox/Code/htdocs/sub2home/dev/server/vendor/symfony/console/Symfony/Component/Console/Application.php(106): Symfony\Component\Console\Application->doRun(Object(Symfony\Component\Console\Input\ArgvInput), Object(Symfony\Component\Console\Output\ConsoleOutput))
#12 /Users/johannes/Dropbox/Code/htdocs/sub2home/dev/server/artisan(59): Symfony\Component\Console\Application->run()
#13 {main} [] []
[2013-03-22 20:08:01] log.ERROR: exception 'ErrorException' with message 'Notice: Trying to get property of non-object in /Users/johannes/Dropbox/Code/htdocs/sub2home/dev/server/app/controllers/jobs/mail/SendStoreOrderNotificationMailJob.php line 59' in /Users/johannes/Dropbox/Code/htdocs/sub2home/dev/server/app/controllers/jobs/mail/SendStoreOrderNotificationMailJob.php:59
Stack trace:
#0 /Users/johannes/Dropbox/Code/htdocs/sub2home/dev/server/app/controllers/jobs/mail/SendStoreOrderNotificationMailJob.php(59): Symfony\Component\HttpKernel\Debug\ErrorHandler->handle(8, 'Trying to get p...', '/Users/johannes...', 59, Array)
#1 /Users/johannes/Dropbox/Code/htdocs/sub2home/dev/server/app/controllers/jobs/mail/SendStoreOrderNotificationMailJob.php(36): App\Controllers\Jobs\Mail\SendStoreOrderNotificationMailJob->getDataForMail()
#2 /Users/johannes/Dropbox/Code/htdocs/sub2home/dev/server/app/controllers/jobs/mail/SendStoreOrderNotificationMailJob.php(24): App\Controllers\Jobs\Mail\SendStoreOrderNotificationMailJob->sendMail()
#3 /Users/johannes/Dropbox/Code/htdocs/sub2home/dev/server/app/controllers/jobs/BaseJob.php(17): App\Controllers\Jobs\Mail\SendStoreOrderNotificationMailJob->run()
#4 /Users/johannes/Dropbox/Code/htdocs/sub2home/dev/server/vendor/laravel/framework/src/Illuminate/Queue/Jobs/BeanstalkdJob.php(61): App\Controllers\Jobs\BaseJob->fire(Object(Illuminate\Queue\Jobs\BeanstalkdJob), Array)
#5 /Users/johannes/Dropbox/Code/htdocs/sub2home/dev/server/vendor/laravel/framework/src/Illuminate/Queue/Worker.php(68): Illuminate\Queue\Jobs\BeanstalkdJob->fire()
#6 /Users/johannes/Dropbox/Code/htdocs/sub2home/dev/server/vendor/laravel/framework/src/Illuminate/Queue/Worker.php(46): Illuminate\Queue\Worker->process(Object(Illuminate\Queue\Jobs\BeanstalkdJob), '0')
#7 /Users/johannes/Dropbox/Code/htdocs/sub2home/dev/server/vendor/laravel/framework/src/Illuminate/Queue/Console/WorkCommand.php(62): Illuminate\Queue\Worker->pop(NULL, 'default', '0', '128', true)
#8 /Users/johannes/Dropbox/Code/htdocs/sub2home/dev/server/vendor/laravel/framework/src/Illuminate/Console/Command.php(107): Illuminate\Queue\Console\WorkCommand->fire()
#9 /Users/johannes/Dropbox/Code/htdocs/sub2home/dev/server/vendor/symfony/console/Symfony/Component/Console/Command/Command.php(240): Illuminate\Console\Command->execute(Object(Symfony\Component\Console\Input\ArgvInput), Object(Symfony\Component\Console\Output\ConsoleOutput))
#10 /Users/johannes/Dropbox/Code/htdocs/sub2home/dev/server/vendor/laravel/framework/src/Illuminate/Console/Command.php(95): Symfony\Component\Console\Command\Command->run(Object(Symfony\Component\Console\Input\ArgvInput), Object(Symfony\Component\Console\Output\ConsoleOutput))
#11 /Users/johannes/Dropbox/Code/htdocs/sub2home/dev/server/vendor/symfony/console/Symfony/Component/Console/Application.php(193): Illuminate\Console\Command->run(Object(Symfony\Component\Console\Input\ArgvInput), Object(Symfony\Component\Console\Output\ConsoleOutput))
#12 /Users/johannes/Dropbox/Code/htdocs/sub2home/dev/server/vendor/symfony/console/Symfony/Component/Console/Application.php(106): Symfony\Component\Console\Application->doRun(Object(Symfony\Component\Console\Input\ArgvInput), Object(Symfony\Component\Console\Output\ConsoleOutput))
#13 /Users/johannes/Dropbox/Code/htdocs/sub2home/dev/server/artisan(59): Symfony\Component\Console\Application->run()
#14 {main} [] []
[2013-03-22 21:36:31] log.ERROR: exception 'ErrorException' with message 'Notice: Trying to get property of non-object in /Users/johannes/Dropbox/Code/htdocs/sub2home/dev/server/app/controllers/jobs/mail/SendStoreOrderNotificationMailJob.php line 59' in /Users/johannes/Dropbox/Code/htdocs/sub2home/dev/server/app/controllers/jobs/mail/SendStoreOrderNotificationMailJob.php:59
Stack trace:
#0 /Users/johannes/Dropbox/Code/htdocs/sub2home/dev/server/app/controllers/jobs/mail/SendStoreOrderNotificationMailJob.php(59): Symfony\Component\HttpKernel\Debug\ErrorHandler->handle(8, 'Trying to get p...', '/Users/johannes...', 59, Array)
#1 /Users/johannes/Dropbox/Code/htdocs/sub2home/dev/server/app/controllers/jobs/mail/SendStoreOrderNotificationMailJob.php(36): App\Controllers\Jobs\Mail\SendStoreOrderNotificationMailJob->getDataForMail()
#2 /Users/johannes/Dropbox/Code/htdocs/sub2home/dev/server/app/controllers/jobs/mail/SendStoreOrderNotificationMailJob.php(24): App\Controllers\Jobs\Mail\SendStoreOrderNotificationMailJob->sendMail()
#3 /Users/johannes/Dropbox/Code/htdocs/sub2home/dev/server/app/controllers/jobs/BaseJob.php(17): App\Controllers\Jobs\Mail\SendStoreOrderNotificationMailJob->run()
#4 /Users/johannes/Dropbox/Code/htdocs/sub2home/dev/server/vendor/laravel/framework/src/Illuminate/Queue/Jobs/BeanstalkdJob.php(61): App\Controllers\Jobs\BaseJob->fire(Object(Illuminate\Queue\Jobs\BeanstalkdJob), Array)
#5 /Users/johannes/Dropbox/Code/htdocs/sub2home/dev/server/vendor/laravel/framework/src/Illuminate/Queue/Worker.php(68): Illuminate\Queue\Jobs\BeanstalkdJob->fire()
#6 /Users/johannes/Dropbox/Code/htdocs/sub2home/dev/server/vendor/laravel/framework/src/Illuminate/Queue/Worker.php(46): Illuminate\Queue\Worker->process(Object(Illuminate\Queue\Jobs\BeanstalkdJob), '0')
#7 /Users/johannes/Dropbox/Code/htdocs/sub2home/dev/server/vendor/laravel/framework/src/Illuminate/Queue/Console/WorkCommand.php(62): Illuminate\Queue\Worker->pop(NULL, 'default', '0', '128', true)
#8 /Users/johannes/Dropbox/Code/htdocs/sub2home/dev/server/vendor/laravel/framework/src/Illuminate/Console/Command.php(107): Illuminate\Queue\Console\WorkCommand->fire()
#9 /Users/johannes/Dropbox/Code/htdocs/sub2home/dev/server/vendor/symfony/console/Symfony/Component/Console/Command/Command.php(240): Illuminate\Console\Command->execute(Object(Symfony\Component\Console\Input\ArgvInput), Object(Symfony\Component\Console\Output\ConsoleOutput))
#10 /Users/johannes/Dropbox/Code/htdocs/sub2home/dev/server/vendor/laravel/framework/src/Illuminate/Console/Command.php(95): Symfony\Component\Console\Command\Command->run(Object(Symfony\Component\Console\Input\ArgvInput), Object(Symfony\Component\Console\Output\ConsoleOutput))
#11 /Users/johannes/Dropbox/Code/htdocs/sub2home/dev/server/vendor/symfony/console/Symfony/Component/Console/Application.php(193): Illuminate\Console\Command->run(Object(Symfony\Component\Console\Input\ArgvInput), Object(Symfony\Component\Console\Output\ConsoleOutput))
#12 /Users/johannes/Dropbox/Code/htdocs/sub2home/dev/server/vendor/symfony/console/Symfony/Component/Console/Application.php(106): Symfony\Component\Console\Application->doRun(Object(Symfony\Component\Console\Input\ArgvInput), Object(Symfony\Component\Console\Output\ConsoleOutput))
#13 /Users/johannes/Dropbox/Code/htdocs/sub2home/dev/server/artisan(59): Symfony\Component\Console\Application->run()
#14 {main} [] []
[2013-03-22 22:16:02] log.ERROR: exception 'ErrorException' with message 'Notice: Trying to get property of non-object in /Users/johannes/Dropbox/Code/htdocs/sub2home/dev/server/app/controllers/jobs/mail/SendStoreOrderNotificationMailJob.php line 59' in /Users/johannes/Dropbox/Code/htdocs/sub2home/dev/server/app/controllers/jobs/mail/SendStoreOrderNotificationMailJob.php:59
Stack trace:
#0 /Users/johannes/Dropbox/Code/htdocs/sub2home/dev/server/app/controllers/jobs/mail/SendStoreOrderNotificationMailJob.php(59): Symfony\Component\HttpKernel\Debug\ErrorHandler->handle(8, 'Trying to get p...', '/Users/johannes...', 59, Array)
#1 /Users/johannes/Dropbox/Code/htdocs/sub2home/dev/server/app/controllers/jobs/mail/SendStoreOrderNotificationMailJob.php(36): App\Controllers\Jobs\Mail\SendStoreOrderNotificationMailJob->getDataForMail()
#2 /Users/johannes/Dropbox/Code/htdocs/sub2home/dev/server/app/controllers/jobs/mail/SendStoreOrderNotificationMailJob.php(24): App\Controllers\Jobs\Mail\SendStoreOrderNotificationMailJob->sendMail()
#3 /Users/johannes/Dropbox/Code/htdocs/sub2home/dev/server/app/controllers/jobs/BaseJob.php(17): App\Controllers\Jobs\Mail\SendStoreOrderNotificationMailJob->run()
#4 /Users/johannes/Dropbox/Code/htdocs/sub2home/dev/server/vendor/laravel/framework/src/Illuminate/Queue/Jobs/BeanstalkdJob.php(61): App\Controllers\Jobs\BaseJob->fire(Object(Illuminate\Queue\Jobs\BeanstalkdJob), Array)
#5 /Users/johannes/Dropbox/Code/htdocs/sub2home/dev/server/vendor/laravel/framework/src/Illuminate/Queue/Worker.php(68): Illuminate\Queue\Jobs\BeanstalkdJob->fire()
#6 /Users/johannes/Dropbox/Code/htdocs/sub2home/dev/server/vendor/laravel/framework/src/Illuminate/Queue/Worker.php(46): Illuminate\Queue\Worker->process(Object(Illuminate\Queue\Jobs\BeanstalkdJob), '0')
#7 /Users/johannes/Dropbox/Code/htdocs/sub2home/dev/server/vendor/laravel/framework/src/Illuminate/Queue/Console/WorkCommand.php(62): Illuminate\Queue\Worker->pop(NULL, 'default', '0', '128', true)
#8 /Users/johannes/Dropbox/Code/htdocs/sub2home/dev/server/vendor/laravel/framework/src/Illuminate/Console/Command.php(107): Illuminate\Queue\Console\WorkCommand->fire()
#9 /Users/johannes/Dropbox/Code/htdocs/sub2home/dev/server/vendor/symfony/console/Symfony/Component/Console/Command/Command.php(240): Illuminate\Console\Command->execute(Object(Symfony\Component\Console\Input\ArgvInput), Object(Symfony\Component\Console\Output\ConsoleOutput))
#10 /Users/johannes/Dropbox/Code/htdocs/sub2home/dev/server/vendor/laravel/framework/src/Illuminate/Console/Command.php(95): Symfony\Component\Console\Command\Command->run(Object(Symfony\Component\Console\Input\ArgvInput), Object(Symfony\Component\Console\Output\ConsoleOutput))
#11 /Users/johannes/Dropbox/Code/htdocs/sub2home/dev/server/vendor/symfony/console/Symfony/Component/Console/Application.php(193): Illuminate\Console\Command->run(Object(Symfony\Component\Console\Input\ArgvInput), Object(Symfony\Component\Console\Output\ConsoleOutput))
#12 /Users/johannes/Dropbox/Code/htdocs/sub2home/dev/server/vendor/symfony/console/Symfony/Component/Console/Application.php(106): Symfony\Component\Console\Application->doRun(Object(Symfony\Component\Console\Input\ArgvInput), Object(Symfony\Component\Console\Output\ConsoleOutput))
#13 /Users/johannes/Dropbox/Code/htdocs/sub2home/dev/server/artisan(59): Symfony\Component\Console\Application->run()
#14 {main} [] []
